[23:42:00] E5G — RF-Gini baseline (mirrors E5 except criterion='gini')
[23:42:00]   Hyperparameters: {'n_estimators': 200, 'criterion': 'gini', 'max_depth': 30, 'min_samples_split': 20, 'min_samples_leaf': 5, 'max_features': 'sqrt', 'class_weight': 'balanced', 'random_state': 42, 'n_jobs': 8, 'verbose': 0}
[23:42:00] Loading data ...
[23:42:01]   X_train: (3612064, 44)  X_val: (903016, 44)  X_test: (892268, 44)
[23:42:01]   19 multiclass labels loaded (label_col='multiclass_label')
[23:42:01] Training RandomForestClassifier(criterion='gini') ...
[23:45:12]   Train time: 190.62s  (3.18 min)
[23:45:12] Predicting on val + test ...
[23:45:16]   Predict time (val+test): 4.14s
[23:45:16] Evaluating ...
[23:45:17] Validation metrics:
[23:45:17]   val_accuracy: 0.9954
[23:45:17]   val_f1_macro: 0.9302
[23:45:17]   val_f1_weighted: 0.9956
[23:45:17]   val_mcc: 0.9944
[23:45:17]   val_precision_macro: 0.9089
[23:45:17]   val_precision_weighted: 0.9959
[23:45:17]   val_recall_macro: 0.9615
[23:45:17]   val_recall_weighted: 0.9954
[23:45:17] Test metrics:
[23:45:17]   test_accuracy: 0.9848
[23:45:17]   test_f1_macro: 0.8504
[23:45:17]   test_f1_weighted: 0.9839
[23:45:17]   test_mcc: 0.9807
[23:45:17]   test_precision_macro: 0.8735
[23:45:17]   test_precision_weighted: 0.9896
[23:45:17]   test_recall_macro: 0.8785
[23:45:17]   test_recall_weighted: 0.9848
[23:45:17]   Saved results/supervised/metrics/E5G_multiclass.json
[23:45:17]   Saved results/supervised/metrics/E5G_classification_report_test.json
[23:45:17]   Saved results/supervised/metrics/E5G_cm_19class_test.npy
[23:45:19]   Saved results/supervised/models/E5G_rf_full_gini_original.pkl (118.6 MB)
[23:45:19] 
[23:45:19] ================================================================
[23:45:19] COMPARISON: E5G (Gini) vs E5 (Entropy) — multiclass test set
[23:45:19] ================================================================
[23:45:19]   Metric                 Gini (E5G)   Entropy (E5)    Diff (pp)
[23:45:19]   ------------------------------------------------------------
[23:45:19]   test_accuracy              0.9848         0.9852        +0.03
[23:45:19]   test_f1_macro              0.8504         0.8551        +0.47
[23:45:19]   test_f1_weighted           0.9839         0.9844        +0.04
[23:45:19]   test_mcc                   0.9807         0.9811        +0.04
[23:45:19] ================================================================
[23:45:19] E5G done. Total wall time: 194.8s
