[14:54:52] [+   0.0s] VAE training script | SMOKE=True | random_state=42
[14:54:52] [+   0.0s] TensorFlow 2.21.0 | tf.keras 3.14.0 | NumPy 2.4.4
[14:54:52] [+   0.0s] No GPU detected; CPU training (fine for this size).
[14:54:52] [+   0.0s] 
======================================================================
[14:54:52] [+   0.0s] SECTION 2 . DATA LOADING
[14:54:52] [+   0.0s] ======================================================================
[14:54:52] [+   0.7s] Benign rows in train split: 154,186
[14:54:52] [+   0.7s] AE-train (benign): (123348, 44)
[14:54:52] [+   0.7s] AE-val   (benign): (30838, 44)
[14:54:52] [+   0.7s] Loaded Phase 5 scaler: n_samples_seen=123,348.0, means range=[-0.5196, 5281.1010]
[14:54:52] [+   0.7s] After scaling: benign-train mean=-0.000000, std=0.965307
[14:54:53] [+   0.9s] Test set (scaled): (892268, 44)
[14:54:53] [+   0.9s] 
======================================================================
[14:54:53] [+   0.9s] SECTION 3 . INHERIT AE STRUCTURAL CONSTANTS FROM SAVED MODEL
[14:54:53] [+   0.9s] ======================================================================
[14:54:53] [+   0.9s] Inherited from AE: enc 44 -> 32 -> 16 -> 8 (latent), dec 8 -> 16 -> 32 -> 44; dropout=(0.2, 0.1)
[14:54:53] [+   0.9s] 
======================================================================
[14:54:53] [+   0.9s] PHASE 1 . SMOKE GATE (beta=1.0, 5 epochs, _smoke/ dir)
[14:54:53] [+   0.9s] ======================================================================
[14:54:53] [+   0.9s] 
--- Training beta=1.0 -> results/unsupervised/vae/_smoke (epochs<=5, soft cap 600s) ---
Epoch 1/5
241/241 - 1s - 5ms/step - loss: 64.4310 - val_loss: 40.2361 - learning_rate: 0.0010
Epoch 2/5
241/241 - 0s - 955us/step - loss: 37.4409 - val_loss: 31.0018 - learning_rate: 0.0010
Epoch 3/5
241/241 - 0s - 941us/step - loss: 32.0667 - val_loss: 27.6533 - learning_rate: 0.0010
Epoch 4/5
241/241 - 0s - 929us/step - loss: 29.2359 - val_loss: 25.3910 - learning_rate: 0.0010
Epoch 5/5
241/241 - 0s - 916us/step - loss: 27.3462 - val_loss: 24.0843 - learning_rate: 0.0010
Restoring model weights from the end of the best epoch: 5.
[14:54:55] [+   3.1s] beta=1.0: 5 epochs in 2.1s (0.04 min)
[14:54:55] [+   3.1s] Scoring benign-val (n=30,838)...
WARNING:tensorflow:5 out of the last 9 calls to <function TensorFlowTrainer.make_predict_function.<locals>.one_step_on_data_distributed at 0x11e6585e0> triggered tf.function retracing. Tracing is expensive and the excessive number of tracings could be due to (1) creating @tf.function repeatedly in a loop, (2) passing tensors with different shapes, (3) passing Python objects instead of tensors. For (1), please define your @tf.function outside of the loop. For (2), @tf.function has reduce_retracing=True option that can avoid unnecessary retracing. For (3), please refer to https://www.tensorflow.org/guide/function#controlling_retracing and https://www.tensorflow.org/api_docs/python/tf/function for  more details.
WARNING:tensorflow:6 out of the last 12 calls to <function TensorFlowTrainer.make_predict_function.<locals>.one_step_on_data_distributed at 0x11e6585e0> triggered tf.function retracing. Tracing is expensive and the excessive number of tracings could be due to (1) creating @tf.function repeatedly in a loop, (2) passing tensors with different shapes, (3) passing Python objects instead of tensors. For (1), please define your @tf.function outside of the loop. For (2), @tf.function has reduce_retracing=True option that can avoid unnecessary retracing. For (3), please refer to https://www.tensorflow.org/guide/function#controlling_retracing and https://www.tensorflow.org/api_docs/python/tf/function for  more details.
[14:54:55] [+   3.2s] Scoring full test  (n=892,268)...
[14:54:56] [+   3.8s] 
[14:54:56] [+   3.8s] Smoke pass criteria:
[14:54:56] [+   3.8s]   [PASS] val_loss_finite
[14:54:56] [+   3.8s]   [PASS] val_loss_decreased
[14:54:56] [+   3.8s]   [PASS] score_in_sanity_range
[14:54:56] [+   3.8s]   [PASS] latent_means_centered
[14:54:56] [+   3.8s]   [PASS] latent_stds_reasonable
[14:54:56] [+   3.8s]   [PASS] no_nan_in_scores
[14:54:56] [+   3.8s]   [PASS] roundtrip_ok
[14:54:56] [+   3.8s] 
[14:54:56] [+   3.8s] Diagnostics:
[14:54:56] [+   3.8s]   val_loss epochs:        ['40.2361', '31.0018', '27.6533', '25.3910', '24.0843']
[14:54:56] [+   3.8s]   val_score median:       4.7554    (sanity range (3.0, 80.0))
[14:54:56] [+   3.8s]   val_score p90/p95/p99:  33.554 / 48.305 / 117.049
[14:54:56] [+   3.8s]   val_recon mean:         20.2539
[14:54:56] [+   3.8s]   val_kl mean:            3.8304  (beta=1.0; sample-balance = 20.25+1*3.83)
[14:54:56] [+   3.8s]   latent z_mean per dim:  [-1.4110, 3.1571]
[14:54:56] [+   3.8s]   latent z_std  per dim:  [1.6766, 4.1216]
[14:54:56] [+   3.8s]   reload max abs diff:    0.000000e+00
[14:54:56] [+   3.8s] 
======================================================================
[14:54:56] [+   3.8s] SMOKE GATE: PASS - safe to launch full sweep
[14:54:56] [+   3.8s] ======================================================================
