[16:43:45] [+   0.0s] LSTM-AE training script | SMOKE=False | random_state=42
[16:43:45] [+   0.0s] TensorFlow 2.21.0 | tf.keras 3.14.0 | NumPy 2.2.6
[16:43:45] [+   0.0s] No GPU detected; CPU training (LSTM is slower than dense AE here).
[16:43:45] [+   0.0s] 
======================================================================
[16:43:45] [+   0.0s] SECTION 2 . DATA LOADING
[16:43:45] [+   0.0s] ======================================================================
[16:43:46] [+   0.9s] Benign rows in train split: 154,186
[16:43:46] [+   0.9s] AE-train (benign): (123348, 44)
[16:43:46] [+   0.9s] AE-val   (benign): (30838, 44)
[16:43:46] [+   0.9s] Loaded Phase 5 scaler: n_samples_seen=123,348.0, means range=[-0.5196, 5281.1010]
[16:43:46] [+   0.9s] After scaling: benign-train mean=-0.000000, std=0.965307
[16:43:46] [+   1.1s] Test set (scaled): (892268, 44), benign=37,607, attack=854,661
[16:43:46] [+   1.1s] ======================================================================
[16:43:46] [+   1.1s] [OVERRIDE] SMOKE_OVERRIDE=1 set — proceeding despite smoke FAIL
[16:43:46] [+   1.1s] [OVERRIDE] failed checks: ['e_benign_recon_close', 'f_attack_recon_higher']
[16:43:46] [+   1.1s] [OVERRIDE] population AUC: 0.9769129630155093
[16:43:46] [+   1.1s] [OVERRIDE] override authorized per senior-engineer review;
[16:43:46] [+   1.1s] [OVERRIDE] see results/unsupervised/lstm_ae/_phase_b_pause.json v1.6
[16:43:46] [+   1.1s] ======================================================================
[16:43:46] [+   1.1s] 
======================================================================
[16:43:46] [+   1.1s] PHASE 2 . FULL SWEEP — 5 distinct architectures + 1 monitoring-only (C6 = C1 + grad-norm logging), max 100 epochs each
[16:43:46] [+   1.1s] ======================================================================
[16:43:46] [+   1.1s] 
--- Training c1 -> results/unsupervised/lstm_ae/c1 (epochs<=100, cap 3600s, units=64/32, lr=0.001, rec_dropout=0.0) ---
[16:43:46] [+   1.2s]   [c1] starting epoch 1/100 (241 batches)
[16:45:20] [+  95.5s]   [c1] epoch   1/100 done: loss=0.8192  val_loss=0.7922  max_grad_norm=3.3160  lr=1.00e-03  elapsed=94.3s
[16:45:20] [+  95.5s]   [c1] starting epoch 2/100 (241 batches)
[16:46:49] [+ 184.4s]   [c1] epoch   2/100 done: loss=0.7173  val_loss=0.7096  max_grad_norm=5.8811  lr=1.00e-03  elapsed=183.2s
[16:46:49] [+ 184.4s]   [c1] starting epoch 3/100 (241 batches)
[16:48:16] [+ 270.7s]   [c1] epoch   3/100 done: loss=0.6261  val_loss=0.6326  max_grad_norm=6.3461  lr=1.00e-03  elapsed=269.5s
[16:48:16] [+ 270.7s]   [c1] starting epoch 4/100 (241 batches)
[16:49:49] [+ 364.5s]   [c1] epoch   4/100 done: loss=0.5597  val_loss=0.5769  max_grad_norm=6.9244  lr=1.00e-03  elapsed=363.3s
[16:49:49] [+ 364.5s]   [c1] starting epoch 5/100 (241 batches)
[16:51:27] [+ 462.2s]   [c1] epoch   5/100 done: loss=0.5112  val_loss=0.5328  max_grad_norm=6.1673  lr=1.00e-03  elapsed=461.0s
[16:51:27] [+ 462.2s]   [c1] starting epoch 6/100 (241 batches)
[16:53:07] [+ 561.8s]   [c1] epoch   6/100 done: loss=0.4878  val_loss=0.5141  max_grad_norm=20.8681  lr=1.00e-03  elapsed=560.7s
[16:53:07] [+ 561.8s]   [c1] starting epoch 7/100 (241 batches)
[16:54:45] [+ 659.9s]   [c1] epoch   7/100 done: loss=0.4614  val_loss=0.4845  max_grad_norm=7.7656  lr=1.00e-03  elapsed=658.7s
[16:54:45] [+ 659.9s]   [c1] starting epoch 8/100 (241 batches)
[16:56:26] [+ 761.1s]   [c1] epoch   8/100 done: loss=0.4429  val_loss=0.4869  max_grad_norm=5.5801  lr=1.00e-03  elapsed=760.0s
[16:56:26] [+ 761.1s]   [c1] starting epoch 9/100 (241 batches)
[16:58:22] [+ 876.9s]   [c1] epoch   9/100 done: loss=0.4408  val_loss=0.4998  max_grad_norm=8.3411  lr=1.00e-03  elapsed=875.7s
[16:58:22] [+ 876.9s]   [c1] starting epoch 10/100 (241 batches)
[17:00:08] [+ 982.8s]   [c1] epoch  10/100 done: loss=0.4306  val_loss=0.4569  max_grad_norm=6.0389  lr=1.00e-03  elapsed=981.6s
[17:00:08] [+ 982.8s]   [c1] starting epoch 11/100 (241 batches)
[17:02:16] [+1111.5s]   [c1] epoch  11/100 done: loss=0.4103  val_loss=0.4434  max_grad_norm=4.4400  lr=1.00e-03  elapsed=1110.3s
[17:02:16] [+1111.5s]   [c1] starting epoch 12/100 (241 batches)
[17:04:15] [+1230.3s]   [c1] epoch  12/100 done: loss=0.4019  val_loss=0.4917  max_grad_norm=11.7119  lr=1.00e-03  elapsed=1229.1s
[17:04:15] [+1230.3s]   [c1] starting epoch 13/100 (241 batches)
[17:05:56] [+1330.8s]   [c1] epoch  13/100 done: loss=0.3922  val_loss=0.4167  max_grad_norm=11.4660  lr=1.00e-03  elapsed=1329.6s
[17:05:56] [+1330.8s]   [c1] starting epoch 14/100 (241 batches)
[17:07:26] [+1420.7s]   [c1] epoch  14/100 done: loss=0.3738  val_loss=0.4228  max_grad_norm=9.0048  lr=1.00e-03  elapsed=1419.5s
[17:07:26] [+1420.7s]   [c1] starting epoch 15/100 (241 batches)
[17:08:54] [+1509.5s]   [c1] epoch  15/100 done: loss=0.3614  val_loss=0.3859  max_grad_norm=4.7046  lr=1.00e-03  elapsed=1508.3s
[17:08:54] [+1509.5s]   [c1] starting epoch 16/100 (241 batches)
[17:10:23] [+1598.4s]   [c1] epoch  16/100 done: loss=0.3438  val_loss=0.3889  max_grad_norm=4.8003  lr=1.00e-03  elapsed=1597.3s
[17:10:23] [+1598.4s]   [c1] starting epoch 17/100 (241 batches)
[17:11:53] [+1688.2s]   [c1] epoch  17/100 done: loss=0.3572  val_loss=0.3944  max_grad_norm=27.4092  lr=1.00e-03  elapsed=1687.0s
[17:11:53] [+1688.2s]   [c1] starting epoch 18/100 (241 batches)
[17:13:23] [+1778.4s]   [c1] epoch  18/100 done: loss=0.3380  val_loss=0.3723  max_grad_norm=7.0222  lr=1.00e-03  elapsed=1777.2s
[17:13:23] [+1778.4s]   [c1] starting epoch 19/100 (241 batches)
[17:14:54] [+1868.8s]   [c1] epoch  19/100 done: loss=0.3182  val_loss=0.3625  max_grad_norm=5.7341  lr=1.00e-03  elapsed=1867.6s
[17:14:54] [+1868.8s]   [c1] starting epoch 20/100 (241 batches)
[17:16:24] [+1959.1s]   [c1] epoch  20/100 done: loss=0.3162  val_loss=0.3514  max_grad_norm=8.6240  lr=1.00e-03  elapsed=1957.9s
[17:16:24] [+1959.1s]   [c1] starting epoch 21/100 (241 batches)
[17:17:55] [+2049.9s]   [c1] epoch  21/100 done: loss=0.3017  val_loss=0.3336  max_grad_norm=5.3563  lr=1.00e-03  elapsed=2048.7s
[17:17:55] [+2049.9s]   [c1] starting epoch 22/100 (241 batches)
[17:19:26] [+2141.0s]   [c1] epoch  22/100 done: loss=0.3156  val_loss=0.3600  max_grad_norm=29.8859  lr=1.00e-03  elapsed=2139.8s
[17:19:26] [+2141.0s]   [c1] starting epoch 23/100 (241 batches)
[17:20:57] [+2232.4s]   [c1] epoch  23/100 done: loss=0.3317  val_loss=0.3657  max_grad_norm=12.0429  lr=1.00e-03  elapsed=2231.2s
[17:20:57] [+2232.4s]   [c1] starting epoch 24/100 (241 batches)
[17:22:29] [+2323.8s]   [c1] epoch  24/100 done: loss=0.3190  val_loss=0.3684  max_grad_norm=10.8121  lr=1.00e-03  elapsed=2322.6s
[17:22:29] [+2323.8s]   [c1] starting epoch 25/100 (241 batches)
[17:24:01] [+2415.6s]   [c1] epoch  25/100 done: loss=0.3088  val_loss=0.3499  max_grad_norm=9.4046  lr=1.00e-03  elapsed=2414.5s
[17:24:01] [+2415.6s]   [c1] starting epoch 26/100 (241 batches)
[17:25:33] [+2508.1s]   [c1] epoch  26/100 done: loss=0.2918  val_loss=0.3340  max_grad_norm=5.2101  lr=1.00e-03  elapsed=2506.9s
[17:25:33] [+2508.1s]   [c1] ReduceLROnPlateau -> lr=5.00e-04
[17:25:33] [+2508.1s]   [c1] starting epoch 27/100 (241 batches)
[17:27:06] [+2600.7s]   [c1] epoch  27/100 done: loss=0.2695  val_loss=0.3155  max_grad_norm=9.0957  lr=5.00e-04  elapsed=2599.6s
[17:27:06] [+2600.7s]   [c1] starting epoch 28/100 (241 batches)
[17:28:38] [+2693.4s]   [c1] epoch  28/100 done: loss=0.2569  val_loss=0.3091  max_grad_norm=4.4197  lr=5.00e-04  elapsed=2692.3s
[17:28:38] [+2693.4s]   [c1] starting epoch 29/100 (241 batches)
[17:30:12] [+2786.9s]   [c1] epoch  29/100 done: loss=0.2614  val_loss=0.3142  max_grad_norm=23.1216  lr=5.00e-04  elapsed=2785.7s
[17:30:12] [+2786.9s]   [c1] starting epoch 30/100 (241 batches)
[17:31:47] [+2882.1s]   [c1] epoch  30/100 done: loss=0.2697  val_loss=0.3138  max_grad_norm=29.2869  lr=5.00e-04  elapsed=2880.9s
[17:31:47] [+2882.1s]   [c1] starting epoch 31/100 (241 batches)
[17:33:21] [+2976.0s]   [c1] epoch  31/100 done: loss=0.2591  val_loss=0.3097  max_grad_norm=7.0816  lr=5.00e-04  elapsed=2974.8s
[17:33:21] [+2976.0s]   [c1] starting epoch 32/100 (241 batches)
[17:34:54] [+3069.3s]   [c1] epoch  32/100 done: loss=0.2530  val_loss=0.2981  max_grad_norm=10.5798  lr=5.00e-04  elapsed=3068.1s
[17:34:54] [+3069.3s]   [c1] starting epoch 33/100 (241 batches)
[17:36:28] [+3163.1s]   [c1] epoch  33/100 done: loss=0.2418  val_loss=0.3258  max_grad_norm=18.4706  lr=5.00e-04  elapsed=3161.9s
[17:36:28] [+3163.1s]   [c1] starting epoch 34/100 (241 batches)
[17:38:02] [+3257.1s]   [c1] epoch  34/100 done: loss=0.2473  val_loss=0.3115  max_grad_norm=14.0978  lr=5.00e-04  elapsed=3255.9s
[17:38:02] [+3257.1s]   [c1] starting epoch 35/100 (241 batches)
[17:39:36] [+3351.4s]   [c1] epoch  35/100 done: loss=0.2452  val_loss=0.2932  max_grad_norm=16.1131  lr=5.00e-04  elapsed=3350.2s
[17:39:36] [+3351.4s]   [c1] starting epoch 36/100 (241 batches)
[17:41:12] [+3447.4s]   [c1] epoch  36/100 done: loss=0.2271  val_loss=0.2790  max_grad_norm=7.1669  lr=5.00e-04  elapsed=3446.2s
[17:41:12] [+3447.4s]   [c1] starting epoch 37/100 (241 batches)
[17:42:46] [+3541.5s]   [c1] epoch  37/100 done: loss=0.2201  val_loss=0.2694  max_grad_norm=6.1451  lr=5.00e-04  elapsed=3540.3s
[17:42:46] [+3541.5s]   [c1] starting epoch 38/100 (241 batches)
[17:44:21] [+3636.1s]   [c1] epoch  38/100 done: loss=0.2193  val_loss=0.2684  max_grad_norm=7.8120  lr=5.00e-04  elapsed=3634.9s
[17:44:21] [+3636.1s]   [c1] PER_CONFIG_TIME_CAP_S reached
[17:44:21] [+3636.1s] c1: 38 epochs in 3634.9s (60.58 min) [OVER BUDGET]
[17:44:21] [+3636.1s] Scoring benign-val (n=30,838)...
[17:44:24] [+3638.8s] Scoring full test  (n=892,268)...
[17:45:44] [+3719.3s] 
--- Training c2 -> results/unsupervised/lstm_ae/c2 (epochs<=100, cap 3600s, units=64/32, lr=0.0005, rec_dropout=0.0) ---
[17:45:44] [+3719.3s]   [c2] starting epoch 1/100 (241 batches)
[17:47:19] [+3813.6s]   [c2] epoch   1/100 done: loss=0.8441  val_loss=0.8172  max_grad_norm=4.0827  lr=5.00e-04  elapsed=94.3s
[17:47:19] [+3813.6s]   [c2] starting epoch 2/100 (241 batches)
[17:48:54] [+3908.8s]   [c2] epoch   2/100 done: loss=0.7559  val_loss=0.7630  max_grad_norm=11.2565  lr=5.00e-04  elapsed=189.5s
[17:48:54] [+3908.8s]   [c2] starting epoch 3/100 (241 batches)
[17:50:28] [+4003.3s]   [c2] epoch   3/100 done: loss=0.6825  val_loss=0.6852  max_grad_norm=7.0567  lr=5.00e-04  elapsed=283.9s
[17:50:28] [+4003.3s]   [c2] starting epoch 4/100 (241 batches)
[17:52:03] [+4098.4s]   [c2] epoch   4/100 done: loss=0.6256  val_loss=0.6441  max_grad_norm=19.4495  lr=5.00e-04  elapsed=379.1s
[17:52:03] [+4098.4s]   [c2] starting epoch 5/100 (241 batches)
[17:53:38] [+4193.1s]   [c2] epoch   5/100 done: loss=0.5892  val_loss=0.6119  max_grad_norm=9.5407  lr=5.00e-04  elapsed=473.8s
[17:53:38] [+4193.1s]   [c2] starting epoch 6/100 (241 batches)
[17:55:13] [+4287.8s]   [c2] epoch   6/100 done: loss=0.5597  val_loss=0.5960  max_grad_norm=6.9982  lr=5.00e-04  elapsed=568.4s
[17:55:13] [+4287.8s]   [c2] starting epoch 7/100 (241 batches)
[17:56:48] [+4383.1s]   [c2] epoch   7/100 done: loss=0.5368  val_loss=0.5662  max_grad_norm=5.9413  lr=5.00e-04  elapsed=663.8s
[17:56:48] [+4383.1s]   [c2] starting epoch 8/100 (241 batches)
[17:58:24] [+4478.6s]   [c2] epoch   8/100 done: loss=0.5134  val_loss=0.5442  max_grad_norm=5.6586  lr=5.00e-04  elapsed=759.3s
[17:58:24] [+4478.6s]   [c2] starting epoch 9/100 (241 batches)
[18:00:00] [+4574.8s]   [c2] epoch   9/100 done: loss=0.5011  val_loss=0.5551  max_grad_norm=9.9609  lr=5.00e-04  elapsed=855.5s
[18:00:00] [+4574.8s]   [c2] starting epoch 10/100 (241 batches)
[18:01:36] [+4671.2s]   [c2] epoch  10/100 done: loss=0.4958  val_loss=0.5206  max_grad_norm=12.7750  lr=5.00e-04  elapsed=951.9s
[18:01:36] [+4671.2s]   [c2] starting epoch 11/100 (241 batches)
[18:03:12] [+4767.4s]   [c2] epoch  11/100 done: loss=0.4724  val_loss=0.5109  max_grad_norm=6.2325  lr=5.00e-04  elapsed=1048.1s
[18:03:12] [+4767.4s]   [c2] starting epoch 12/100 (241 batches)
[18:04:47] [+4862.5s]   [c2] epoch  12/100 done: loss=0.4664  val_loss=0.4987  max_grad_norm=12.6052  lr=5.00e-04  elapsed=1143.1s
[18:04:47] [+4862.5s]   [c2] starting epoch 13/100 (241 batches)
[18:06:42] [+4977.1s]   [c2] epoch  13/100 done: loss=0.4571  val_loss=0.4894  max_grad_norm=12.9220  lr=5.00e-04  elapsed=1257.7s
[18:06:42] [+4977.1s]   [c2] starting epoch 14/100 (241 batches)
[18:08:28] [+5082.6s]   [c2] epoch  14/100 done: loss=0.4459  val_loss=0.4822  max_grad_norm=9.0834  lr=5.00e-04  elapsed=1363.3s
[18:08:28] [+5082.6s]   [c2] starting epoch 15/100 (241 batches)
[18:10:04] [+5179.3s]   [c2] epoch  15/100 done: loss=0.4420  val_loss=0.4757  max_grad_norm=7.7013  lr=5.00e-04  elapsed=1460.0s
[18:10:04] [+5179.3s]   [c2] starting epoch 16/100 (241 batches)
[18:11:41] [+5276.3s]   [c2] epoch  16/100 done: loss=0.4302  val_loss=0.4698  max_grad_norm=7.3863  lr=5.00e-04  elapsed=1557.0s
[18:11:41] [+5276.3s]   [c2] starting epoch 17/100 (241 batches)
[18:13:17] [+5372.1s]   [c2] epoch  17/100 done: loss=0.4257  val_loss=0.4606  max_grad_norm=9.7776  lr=5.00e-04  elapsed=1652.7s
[18:13:17] [+5372.1s]   [c2] starting epoch 18/100 (241 batches)
[18:14:53] [+5468.1s]   [c2] epoch  18/100 done: loss=0.4163  val_loss=0.4713  max_grad_norm=9.3014  lr=5.00e-04  elapsed=1748.8s
[18:14:53] [+5468.1s]   [c2] starting epoch 19/100 (241 batches)
[18:16:29] [+5564.3s]   [c2] epoch  19/100 done: loss=0.4051  val_loss=0.4478  max_grad_norm=8.1001  lr=5.00e-04  elapsed=1844.9s
[18:16:29] [+5564.3s]   [c2] starting epoch 20/100 (241 batches)
[18:18:05] [+5660.1s]   [c2] epoch  20/100 done: loss=0.3971  val_loss=0.4367  max_grad_norm=7.7166  lr=5.00e-04  elapsed=1940.8s
[18:18:05] [+5660.1s]   [c2] starting epoch 21/100 (241 batches)
[18:19:41] [+5756.1s]   [c2] epoch  21/100 done: loss=0.3899  val_loss=0.4348  max_grad_norm=7.6040  lr=5.00e-04  elapsed=2036.8s
[18:19:41] [+5756.1s]   [c2] starting epoch 22/100 (241 batches)
[18:21:17] [+5852.6s]   [c2] epoch  22/100 done: loss=0.3922  val_loss=0.4154  max_grad_norm=20.9866  lr=5.00e-04  elapsed=2133.3s
[18:21:17] [+5852.6s]   [c2] starting epoch 23/100 (241 batches)
[18:22:54] [+5948.8s]   [c2] epoch  23/100 done: loss=0.3768  val_loss=0.4079  max_grad_norm=14.4796  lr=5.00e-04  elapsed=2229.4s
[18:22:54] [+5948.8s]   [c2] starting epoch 24/100 (241 batches)
[18:24:30] [+6044.9s]   [c2] epoch  24/100 done: loss=0.3640  val_loss=0.3988  max_grad_norm=9.7001  lr=5.00e-04  elapsed=2325.6s
[18:24:30] [+6044.9s]   [c2] starting epoch 25/100 (241 batches)
[18:26:07] [+6141.6s]   [c2] epoch  25/100 done: loss=0.3507  val_loss=0.3881  max_grad_norm=7.3895  lr=5.00e-04  elapsed=2422.3s
[18:26:07] [+6141.6s]   [c2] starting epoch 26/100 (241 batches)
[18:27:43] [+6237.7s]   [c2] epoch  26/100 done: loss=0.3405  val_loss=0.3841  max_grad_norm=8.5246  lr=5.00e-04  elapsed=2518.4s
[18:27:43] [+6237.7s]   [c2] starting epoch 27/100 (241 batches)
[18:29:19] [+6334.1s]   [c2] epoch  27/100 done: loss=0.3362  val_loss=0.3796  max_grad_norm=9.4491  lr=5.00e-04  elapsed=2614.7s
[18:29:19] [+6334.1s]   [c2] starting epoch 28/100 (241 batches)
[18:30:55] [+6430.5s]   [c2] epoch  28/100 done: loss=0.3311  val_loss=0.3611  max_grad_norm=17.2108  lr=5.00e-04  elapsed=2711.2s
[18:30:55] [+6430.5s]   [c2] starting epoch 29/100 (241 batches)
[18:32:32] [+6527.5s]   [c2] epoch  29/100 done: loss=0.3108  val_loss=0.3558  max_grad_norm=5.5888  lr=5.00e-04  elapsed=2808.1s
[18:32:32] [+6527.5s]   [c2] starting epoch 30/100 (241 batches)
[18:34:08] [+6623.5s]   [c2] epoch  30/100 done: loss=0.3127  val_loss=0.3540  max_grad_norm=8.0723  lr=5.00e-04  elapsed=2904.1s
[18:34:08] [+6623.5s]   [c2] starting epoch 31/100 (241 batches)
[18:35:48] [+6723.0s]   [c2] epoch  31/100 done: loss=0.3129  val_loss=0.3478  max_grad_norm=11.7754  lr=5.00e-04  elapsed=3003.7s
[18:35:48] [+6723.0s]   [c2] starting epoch 32/100 (241 batches)
[18:37:37] [+6832.4s]   [c2] epoch  32/100 done: loss=0.3172  val_loss=0.3544  max_grad_norm=25.2104  lr=5.00e-04  elapsed=3113.1s
[18:37:37] [+6832.4s]   [c2] starting epoch 33/100 (241 batches)
[18:39:30] [+6945.1s]   [c2] epoch  33/100 done: loss=0.3087  val_loss=0.3576  max_grad_norm=18.9296  lr=5.00e-04  elapsed=3225.7s
[18:39:30] [+6945.1s]   [c2] starting epoch 34/100 (241 batches)
[18:41:17] [+7051.6s]   [c2] epoch  34/100 done: loss=0.3057  val_loss=0.3596  max_grad_norm=16.1270  lr=5.00e-04  elapsed=3332.3s
[18:41:17] [+7051.6s]   [c2] starting epoch 35/100 (241 batches)
[18:42:59] [+7154.5s]   [c2] epoch  35/100 done: loss=0.3035  val_loss=0.3556  max_grad_norm=8.8474  lr=5.00e-04  elapsed=3435.2s
[18:42:59] [+7154.5s]   [c2] starting epoch 36/100 (241 batches)
[18:44:45] [+7260.4s]   [c2] epoch  36/100 done: loss=0.2983  val_loss=0.3406  max_grad_norm=6.6087  lr=5.00e-04  elapsed=3541.1s
[18:44:45] [+7260.4s]   [c2] starting epoch 37/100 (241 batches)
[18:46:22] [+7357.6s]   [c2] epoch  37/100 done: loss=0.2878  val_loss=0.3309  max_grad_norm=6.5488  lr=5.00e-04  elapsed=3638.3s
[18:46:22] [+7357.6s]   [c2] PER_CONFIG_TIME_CAP_S reached
[18:46:22] [+7357.6s] c2: 37 epochs in 3638.3s (60.64 min) [OVER BUDGET]
[18:46:22] [+7357.6s] Scoring benign-val (n=30,838)...
[18:46:25] [+7360.2s] Scoring full test  (n=892,268)...
[18:47:47] [+7441.8s] 
--- Training c3 -> results/unsupervised/lstm_ae/c3 (epochs<=100, cap 3600s, units=32/16, lr=0.001, rec_dropout=0.0) ---
[18:47:47] [+7441.8s]   [c3] starting epoch 1/100 (241 batches)
[18:48:58] [+7513.0s]   [c3] epoch   1/100 done: loss=0.8464  val_loss=0.8288  max_grad_norm=1.7402  lr=1.00e-03  elapsed=71.2s
[18:48:58] [+7513.0s]   [c3] starting epoch 2/100 (241 batches)
[18:50:10] [+7585.4s]   [c3] epoch   2/100 done: loss=0.7571  val_loss=0.7706  max_grad_norm=6.1529  lr=1.00e-03  elapsed=143.6s
[18:50:10] [+7585.4s]   [c3] starting epoch 3/100 (241 batches)
[18:51:23] [+7657.7s]   [c3] epoch   3/100 done: loss=0.7155  val_loss=0.7461  max_grad_norm=5.7387  lr=1.00e-03  elapsed=215.9s
[18:51:23] [+7657.7s]   [c3] starting epoch 4/100 (241 batches)
[18:52:35] [+7730.1s]   [c3] epoch   4/100 done: loss=0.6879  val_loss=0.7239  max_grad_norm=4.2829  lr=1.00e-03  elapsed=288.2s
[18:52:35] [+7730.1s]   [c3] starting epoch 5/100 (241 batches)
[18:53:47] [+7802.1s]   [c3] epoch   5/100 done: loss=0.6695  val_loss=0.7242  max_grad_norm=8.7003  lr=1.00e-03  elapsed=360.3s
[18:53:47] [+7802.1s]   [c3] starting epoch 6/100 (241 batches)
[18:54:59] [+7874.5s]   [c3] epoch   6/100 done: loss=0.6538  val_loss=0.7060  max_grad_norm=8.7865  lr=1.00e-03  elapsed=432.7s
[18:54:59] [+7874.5s]   [c3] starting epoch 7/100 (241 batches)
[18:56:12] [+7947.1s]   [c3] epoch   7/100 done: loss=0.6414  val_loss=0.6706  max_grad_norm=5.9356  lr=1.00e-03  elapsed=505.3s
[18:56:12] [+7947.1s]   [c3] starting epoch 8/100 (241 batches)
[18:57:24] [+8019.4s]   [c3] epoch   8/100 done: loss=0.6144  val_loss=0.6484  max_grad_norm=8.2265  lr=1.00e-03  elapsed=577.6s
[18:57:24] [+8019.4s]   [c3] starting epoch 9/100 (241 batches)
[18:58:36] [+8091.5s]   [c3] epoch   9/100 done: loss=0.5894  val_loss=0.6277  max_grad_norm=12.0235  lr=1.00e-03  elapsed=649.7s
[18:58:36] [+8091.5s]   [c3] starting epoch 10/100 (241 batches)
[18:59:49] [+8164.6s]   [c3] epoch  10/100 done: loss=0.5756  val_loss=0.6087  max_grad_norm=8.1670  lr=1.00e-03  elapsed=722.7s
[18:59:49] [+8164.6s]   [c3] starting epoch 11/100 (241 batches)
[19:01:02] [+8237.6s]   [c3] epoch  11/100 done: loss=0.5746  val_loss=0.6001  max_grad_norm=27.3287  lr=1.00e-03  elapsed=795.8s
[19:01:02] [+8237.6s]   [c3] starting epoch 12/100 (241 batches)
[19:02:15] [+8309.7s]   [c3] epoch  12/100 done: loss=0.5509  val_loss=0.5799  max_grad_norm=7.9431  lr=1.00e-03  elapsed=867.9s
[19:02:15] [+8309.7s]   [c3] starting epoch 13/100 (241 batches)
[19:03:27] [+8381.8s]   [c3] epoch  13/100 done: loss=0.5289  val_loss=0.5576  max_grad_norm=9.2431  lr=1.00e-03  elapsed=940.0s
[19:03:27] [+8381.8s]   [c3] starting epoch 14/100 (241 batches)
[19:04:39] [+8454.4s]   [c3] epoch  14/100 done: loss=0.5197  val_loss=0.5646  max_grad_norm=23.2003  lr=1.00e-03  elapsed=1012.6s
[19:04:39] [+8454.4s]   [c3] starting epoch 15/100 (241 batches)
[19:05:52] [+8526.9s]   [c3] epoch  15/100 done: loss=0.5009  val_loss=0.5340  max_grad_norm=4.4091  lr=1.00e-03  elapsed=1085.0s
[19:05:52] [+8526.9s]   [c3] starting epoch 16/100 (241 batches)
[19:07:04] [+8599.1s]   [c3] epoch  16/100 done: loss=0.4860  val_loss=0.5283  max_grad_norm=8.7336  lr=1.00e-03  elapsed=1157.3s
[19:07:04] [+8599.1s]   [c3] starting epoch 17/100 (241 batches)
[19:08:17] [+8671.7s]   [c3] epoch  17/100 done: loss=0.4727  val_loss=0.5073  max_grad_norm=5.5672  lr=1.00e-03  elapsed=1229.9s
[19:08:17] [+8671.7s]   [c3] starting epoch 18/100 (241 batches)
[19:09:29] [+8744.2s]   [c3] epoch  18/100 done: loss=0.4600  val_loss=0.4921  max_grad_norm=6.8323  lr=1.00e-03  elapsed=1302.4s
[19:09:29] [+8744.2s]   [c3] starting epoch 19/100 (241 batches)
[19:10:42] [+8816.7s]   [c3] epoch  19/100 done: loss=0.4454  val_loss=0.4825  max_grad_norm=5.9919  lr=1.00e-03  elapsed=1374.8s
[19:10:42] [+8816.7s]   [c3] starting epoch 20/100 (241 batches)
[19:11:54] [+8889.2s]   [c3] epoch  20/100 done: loss=0.4374  val_loss=0.4804  max_grad_norm=8.4128  lr=1.00e-03  elapsed=1447.4s
[19:11:54] [+8889.2s]   [c3] starting epoch 21/100 (241 batches)
[19:13:07] [+8961.6s]   [c3] epoch  21/100 done: loss=0.4429  val_loss=0.4825  max_grad_norm=23.8835  lr=1.00e-03  elapsed=1519.8s
[19:13:07] [+8961.6s]   [c3] starting epoch 22/100 (241 batches)
[19:14:19] [+9034.1s]   [c3] epoch  22/100 done: loss=0.4182  val_loss=0.4493  max_grad_norm=5.8411  lr=1.00e-03  elapsed=1592.3s
[19:14:19] [+9034.1s]   [c3] starting epoch 23/100 (241 batches)
[19:15:32] [+9106.7s]   [c3] epoch  23/100 done: loss=0.4051  val_loss=0.4506  max_grad_norm=11.4265  lr=1.00e-03  elapsed=1664.9s
[19:15:32] [+9106.7s]   [c3] starting epoch 24/100 (241 batches)
[19:16:44] [+9179.4s]   [c3] epoch  24/100 done: loss=0.3940  val_loss=0.4315  max_grad_norm=5.7170  lr=1.00e-03  elapsed=1737.5s
[19:16:44] [+9179.4s]   [c3] starting epoch 25/100 (241 batches)
[19:17:57] [+9252.4s]   [c3] epoch  25/100 done: loss=0.3791  val_loss=0.4351  max_grad_norm=6.9420  lr=1.00e-03  elapsed=1810.6s
[19:17:57] [+9252.4s]   [c3] starting epoch 26/100 (241 batches)
[19:19:09] [+9324.3s]   [c3] epoch  26/100 done: loss=0.3743  val_loss=0.4261  max_grad_norm=8.1770  lr=1.00e-03  elapsed=1882.5s
[19:19:09] [+9324.3s]   [c3] starting epoch 27/100 (241 batches)
[19:20:21] [+9396.3s]   [c3] epoch  27/100 done: loss=0.3635  val_loss=0.4099  max_grad_norm=6.7770  lr=1.00e-03  elapsed=1954.5s
[19:20:21] [+9396.3s]   [c3] starting epoch 28/100 (241 batches)
[19:21:33] [+9468.2s]   [c3] epoch  28/100 done: loss=0.3539  val_loss=0.3875  max_grad_norm=14.7246  lr=1.00e-03  elapsed=2026.4s
[19:21:33] [+9468.2s]   [c3] starting epoch 29/100 (241 batches)
[19:22:47] [+9542.5s]   [c3] epoch  29/100 done: loss=0.3548  val_loss=0.4044  max_grad_norm=16.1961  lr=1.00e-03  elapsed=2100.6s
[19:22:47] [+9542.5s]   [c3] starting epoch 30/100 (241 batches)
[19:24:01] [+9616.4s]   [c3] epoch  30/100 done: loss=0.3414  val_loss=0.3776  max_grad_norm=7.9326  lr=1.00e-03  elapsed=2174.6s
[19:24:01] [+9616.4s]   [c3] starting epoch 31/100 (241 batches)
[19:25:12] [+9687.5s]   [c3] epoch  31/100 done: loss=0.3330  val_loss=0.3722  max_grad_norm=9.6728  lr=1.00e-03  elapsed=2245.7s
[19:25:12] [+9687.5s]   [c3] starting epoch 32/100 (241 batches)
[19:26:24] [+9759.3s]   [c3] epoch  32/100 done: loss=0.3264  val_loss=0.3726  max_grad_norm=7.5404  lr=1.00e-03  elapsed=2317.5s
[19:26:24] [+9759.3s]   [c3] starting epoch 33/100 (241 batches)
[19:27:36] [+9831.1s]   [c3] epoch  33/100 done: loss=0.3162  val_loss=0.3533  max_grad_norm=8.3114  lr=1.00e-03  elapsed=2389.3s
[19:27:36] [+9831.1s]   [c3] starting epoch 34/100 (241 batches)
[19:28:48] [+9902.9s]   [c3] epoch  34/100 done: loss=0.3074  val_loss=0.3591  max_grad_norm=8.0289  lr=1.00e-03  elapsed=2461.1s
[19:28:48] [+9902.9s]   [c3] starting epoch 35/100 (241 batches)
[19:30:00] [+9974.8s]   [c3] epoch  35/100 done: loss=0.3096  val_loss=0.3757  max_grad_norm=10.1265  lr=1.00e-03  elapsed=2532.9s
[19:30:00] [+9974.8s]   [c3] starting epoch 36/100 (241 batches)
[19:31:12] [+10046.9s]   [c3] epoch  36/100 done: loss=0.3232  val_loss=0.3526  max_grad_norm=14.3460  lr=1.00e-03  elapsed=2605.1s
[19:31:12] [+10046.9s]   [c3] starting epoch 37/100 (241 batches)
[19:32:25] [+10120.6s]   [c3] epoch  37/100 done: loss=0.2907  val_loss=0.3372  max_grad_norm=5.8619  lr=1.00e-03  elapsed=2678.8s
[19:32:25] [+10120.6s]   [c3] starting epoch 38/100 (241 batches)
[19:33:39] [+10193.9s]   [c3] epoch  38/100 done: loss=0.3409  val_loss=0.4086  max_grad_norm=108.6406  lr=1.00e-03  elapsed=2752.1s
[19:33:39] [+10193.9s]   [c3] starting epoch 39/100 (241 batches)
[19:34:51] [+10265.7s]   [c3] epoch  39/100 done: loss=0.3526  val_loss=0.3959  max_grad_norm=13.1448  lr=1.00e-03  elapsed=2823.9s
[19:34:51] [+10265.7s]   [c3] starting epoch 40/100 (241 batches)
[19:36:02] [+10337.6s]   [c3] epoch  40/100 done: loss=0.3471  val_loss=0.3747  max_grad_norm=40.2025  lr=1.00e-03  elapsed=2895.7s
[19:36:02] [+10337.6s]   [c3] starting epoch 41/100 (241 batches)
[19:37:16] [+10411.4s]   [c3] epoch  41/100 done: loss=0.3184  val_loss=0.3628  max_grad_norm=8.9211  lr=1.00e-03  elapsed=2969.6s
[19:37:16] [+10411.4s]   [c3] starting epoch 42/100 (241 batches)
[19:38:26] [+10481.4s]   [c3] epoch  42/100 done: loss=0.3153  val_loss=0.3621  max_grad_norm=9.6144  lr=1.00e-03  elapsed=3039.6s
[19:38:26] [+10481.4s]   [c3] ReduceLROnPlateau -> lr=5.00e-04
[19:38:26] [+10481.4s]   [c3] starting epoch 43/100 (241 batches)
[19:39:45] [+10560.0s]   [c3] epoch  43/100 done: loss=0.3018  val_loss=0.3494  max_grad_norm=10.0002  lr=5.00e-04  elapsed=3118.2s
[19:39:45] [+10560.0s]   [c3] starting epoch 44/100 (241 batches)
[19:40:58] [+10633.6s]   [c3] epoch  44/100 done: loss=0.3546  val_loss=0.3693  max_grad_norm=262.4656  lr=5.00e-04  elapsed=3191.8s
[19:40:58] [+10633.6s]   [c3] starting epoch 45/100 (241 batches)
[19:42:15] [+10710.0s]   [c3] epoch  45/100 done: loss=0.3062  val_loss=0.3437  max_grad_norm=16.4985  lr=5.00e-04  elapsed=3268.2s
[19:42:15] [+10710.0s]   [c3] starting epoch 46/100 (241 batches)
[19:43:41] [+10795.7s]   [c3] epoch  46/100 done: loss=0.2891  val_loss=0.3357  max_grad_norm=30.1582  lr=5.00e-04  elapsed=3353.9s
[19:43:41] [+10795.7s]   [c3] starting epoch 47/100 (241 batches)
[19:44:54] [+10869.3s]   [c3] epoch  47/100 done: loss=0.2821  val_loss=0.3294  max_grad_norm=11.0844  lr=5.00e-04  elapsed=3427.5s
[19:44:54] [+10869.3s]   [c3] starting epoch 48/100 (241 batches)
[19:46:19] [+10953.8s]   [c3] epoch  48/100 done: loss=0.2777  val_loss=0.3286  max_grad_norm=9.3738  lr=5.00e-04  elapsed=3512.0s
[19:46:19] [+10953.8s]   [c3] starting epoch 49/100 (241 batches)
[19:47:31] [+11026.3s]   [c3] epoch  49/100 done: loss=0.2766  val_loss=0.3317  max_grad_norm=41.7300  lr=5.00e-04  elapsed=3584.5s
[19:47:31] [+11026.3s]   [c3] starting epoch 50/100 (241 batches)
[19:48:54] [+11109.3s]   [c3] epoch  50/100 done: loss=0.2745  val_loss=0.3155  max_grad_norm=10.1787  lr=5.00e-04  elapsed=3667.5s
[19:48:54] [+11109.3s]   [c3] PER_CONFIG_TIME_CAP_S reached
[19:48:54] [+11109.3s] c3: 50 epochs in 3667.5s (61.12 min) [OVER BUDGET]
[19:48:54] [+11109.3s] Scoring benign-val (n=30,838)...
[19:48:56] [+11111.0s] Scoring full test  (n=892,268)...
[19:49:48] [+11163.0s] 
--- Training c4 -> results/unsupervised/lstm_ae/c4 (epochs<=100, cap 3600s, units=128/64, lr=0.001, rec_dropout=0.0) ---
[19:49:48] [+11163.1s]   [c4] starting epoch 1/100 (241 batches)
[19:52:24] [+11318.7s]   [c4] epoch   1/100 done: loss=0.8007  val_loss=0.7624  max_grad_norm=2.3092  lr=1.00e-03  elapsed=155.6s
[19:52:24] [+11318.7s]   [c4] starting epoch 2/100 (241 batches)
[19:54:58] [+11473.6s]   [c4] epoch   2/100 done: loss=0.6674  val_loss=0.6656  max_grad_norm=5.2876  lr=1.00e-03  elapsed=310.5s
[19:54:58] [+11473.6s]   [c4] starting epoch 3/100 (241 batches)
[19:57:49] [+11644.5s]   [c4] epoch   3/100 done: loss=0.5683  val_loss=0.5675  max_grad_norm=4.6743  lr=1.00e-03  elapsed=481.5s
[19:57:49] [+11644.5s]   [c4] starting epoch 4/100 (241 batches)
[20:00:19] [+11794.4s]   [c4] epoch   4/100 done: loss=0.5100  val_loss=0.5173  max_grad_norm=6.9480  lr=1.00e-03  elapsed=631.3s
[20:00:19] [+11794.4s]   [c4] starting epoch 5/100 (241 batches)
[20:02:40] [+11935.2s]   [c4] epoch   5/100 done: loss=0.4522  val_loss=0.4684  max_grad_norm=6.6843  lr=1.00e-03  elapsed=772.2s
[20:02:40] [+11935.2s]   [c4] starting epoch 6/100 (241 batches)
[20:04:51] [+12066.2s]   [c4] epoch   6/100 done: loss=0.4123  val_loss=0.4586  max_grad_norm=5.9762  lr=1.00e-03  elapsed=903.1s
[20:04:51] [+12066.2s]   [c4] starting epoch 7/100 (241 batches)
[20:07:00] [+12194.9s]   [c4] epoch   7/100 done: loss=0.3903  val_loss=0.4138  max_grad_norm=8.9594  lr=1.00e-03  elapsed=1031.8s
[20:07:00] [+12194.9s]   [c4] starting epoch 8/100 (241 batches)
[20:09:10] [+12324.8s]   [c4] epoch   8/100 done: loss=0.3763  val_loss=0.4506  max_grad_norm=12.0998  lr=1.00e-03  elapsed=1161.7s
[20:09:10] [+12324.8s]   [c4] starting epoch 9/100 (241 batches)
[20:11:19] [+12454.1s]   [c4] epoch   9/100 done: loss=0.3499  val_loss=0.3767  max_grad_norm=14.1603  lr=1.00e-03  elapsed=1291.1s
[20:11:19] [+12454.1s]   [c4] starting epoch 10/100 (241 batches)
[20:13:29] [+12584.2s]   [c4] epoch  10/100 done: loss=0.3243  val_loss=0.3556  max_grad_norm=13.0445  lr=1.00e-03  elapsed=1421.1s
[20:13:29] [+12584.2s]   [c4] starting epoch 11/100 (241 batches)
[20:15:40] [+12715.6s]   [c4] epoch  11/100 done: loss=0.2990  val_loss=0.3315  max_grad_norm=5.0365  lr=1.00e-03  elapsed=1552.5s
[20:15:40] [+12715.6s]   [c4] starting epoch 12/100 (241 batches)
[20:17:51] [+12845.8s]   [c4] epoch  12/100 done: loss=0.2740  val_loss=0.3283  max_grad_norm=6.1215  lr=1.00e-03  elapsed=1682.8s
[20:17:51] [+12845.8s]   [c4] starting epoch 13/100 (241 batches)
[20:20:03] [+12977.7s]   [c4] epoch  13/100 done: loss=0.3006  val_loss=0.3308  max_grad_norm=9.7189  lr=1.00e-03  elapsed=1814.6s
[20:20:03] [+12977.7s]   [c4] starting epoch 14/100 (241 batches)
[20:22:14] [+13108.9s]   [c4] epoch  14/100 done: loss=0.2795  val_loss=0.3059  max_grad_norm=9.0865  lr=1.00e-03  elapsed=1945.8s
[20:22:14] [+13108.9s]   [c4] starting epoch 15/100 (241 batches)
[20:24:42] [+13257.4s]   [c4] epoch  15/100 done: loss=0.2537  val_loss=0.2852  max_grad_norm=5.8291  lr=1.00e-03  elapsed=2094.3s
[20:24:42] [+13257.4s]   [c4] starting epoch 16/100 (241 batches)
[20:26:54] [+13389.2s]   [c4] epoch  16/100 done: loss=0.2327  val_loss=0.2939  max_grad_norm=3.4862  lr=1.00e-03  elapsed=2226.2s
[20:26:54] [+13389.2s]   [c4] starting epoch 17/100 (241 batches)
[20:29:08] [+13522.9s]   [c4] epoch  17/100 done: loss=0.2477  val_loss=0.2957  max_grad_norm=6.1880  lr=1.00e-03  elapsed=2359.8s
[20:29:08] [+13522.9s]   [c4] starting epoch 18/100 (241 batches)
[20:31:21] [+13655.8s]   [c4] epoch  18/100 done: loss=0.2504  val_loss=0.3490  max_grad_norm=22.9632  lr=1.00e-03  elapsed=2492.7s
[20:31:21] [+13655.8s]   [c4] starting epoch 19/100 (241 batches)
[20:33:33] [+13788.2s]   [c4] epoch  19/100 done: loss=0.2790  val_loss=0.3098  max_grad_norm=9.7666  lr=1.00e-03  elapsed=2625.1s
[20:33:33] [+13788.2s]   [c4] starting epoch 20/100 (241 batches)
[20:35:45] [+13920.6s]   [c4] epoch  20/100 done: loss=0.2543  val_loss=0.3014  max_grad_norm=32.3926  lr=1.00e-03  elapsed=2757.5s
[20:35:45] [+13920.6s]   [c4] ReduceLROnPlateau -> lr=5.00e-04
[20:35:45] [+13920.6s]   [c4] starting epoch 21/100 (241 batches)
[20:37:57] [+14052.6s]   [c4] epoch  21/100 done: loss=0.2289  val_loss=0.2696  max_grad_norm=5.8259  lr=5.00e-04  elapsed=2889.5s
[20:37:57] [+14052.6s]   [c4] starting epoch 22/100 (241 batches)
[20:40:10] [+14184.9s]   [c4] epoch  22/100 done: loss=0.2118  val_loss=0.2709  max_grad_norm=10.0442  lr=5.00e-04  elapsed=3021.8s
[20:40:10] [+14184.9s]   [c4] starting epoch 23/100 (241 batches)
[20:42:23] [+14317.9s]   [c4] epoch  23/100 done: loss=0.1938  val_loss=0.2456  max_grad_norm=4.4304  lr=5.00e-04  elapsed=3154.8s
[20:42:23] [+14317.9s]   [c4] starting epoch 24/100 (241 batches)
[20:44:36] [+14451.3s]   [c4] epoch  24/100 done: loss=0.2018  val_loss=0.2762  max_grad_norm=22.9671  lr=5.00e-04  elapsed=3288.2s
[20:44:36] [+14451.3s]   [c4] starting epoch 25/100 (241 batches)
[20:46:49] [+14583.7s]   [c4] epoch  25/100 done: loss=0.1938  val_loss=0.2608  max_grad_norm=4.8496  lr=5.00e-04  elapsed=3420.6s
[20:46:49] [+14583.7s]   [c4] starting epoch 26/100 (241 batches)
[20:49:08] [+14722.8s]   [c4] epoch  26/100 done: loss=0.1777  val_loss=0.2424  max_grad_norm=3.7304  lr=5.00e-04  elapsed=3559.7s
[20:49:08] [+14722.8s]   [c4] starting epoch 27/100 (241 batches)
[20:51:37] [+14872.5s]   [c4] epoch  27/100 done: loss=0.1842  val_loss=0.2306  max_grad_norm=7.2862  lr=5.00e-04  elapsed=3709.4s
[20:51:37] [+14872.5s]   [c4] PER_CONFIG_TIME_CAP_S reached
[20:51:37] [+14872.5s] c4: 27 epochs in 3709.4s (61.82 min) [OVER BUDGET]
[20:51:37] [+14872.5s] Scoring benign-val (n=30,838)...
[20:51:43] [+14878.4s] Scoring full test  (n=892,268)...
[20:54:39] [+15054.5s] 
--- Training c5 -> results/unsupervised/lstm_ae/c5 (epochs<=100, cap 3600s, units=64/32, lr=0.001, rec_dropout=0.1) ---
[20:54:39] [+15054.6s]   [c5] starting epoch 1/100 (241 batches)
[20:57:51] [+15246.0s]   [c5] epoch   1/100 done: loss=0.8308  val_loss=0.8081  max_grad_norm=1.1850  lr=1.00e-03  elapsed=191.5s
[20:57:51] [+15246.0s]   [c5] starting epoch 2/100 (241 batches)
[21:01:19] [+15454.1s]   [c5] epoch   2/100 done: loss=0.7517  val_loss=0.7251  max_grad_norm=1.3957  lr=1.00e-03  elapsed=399.5s
[21:01:19] [+15454.1s]   [c5] starting epoch 3/100 (241 batches)
[21:04:38] [+15653.0s]   [c5] epoch   3/100 done: loss=0.6788  val_loss=0.6560  max_grad_norm=7.5092  lr=1.00e-03  elapsed=598.5s
[21:04:38] [+15653.0s]   [c5] starting epoch 4/100 (241 batches)
[21:08:15] [+15869.8s]   [c5] epoch   4/100 done: loss=0.6289  val_loss=0.6204  max_grad_norm=4.0300  lr=1.00e-03  elapsed=815.2s
[21:08:15] [+15869.8s]   [c5] starting epoch 5/100 (241 batches)
[21:11:18] [+16052.9s]   [c5] epoch   5/100 done: loss=0.6034  val_loss=0.5987  max_grad_norm=11.1945  lr=1.00e-03  elapsed=998.4s
[21:11:18] [+16052.9s]   [c5] starting epoch 6/100 (241 batches)
[21:14:33] [+16247.8s]   [c5] epoch   6/100 done: loss=0.5842  val_loss=0.5702  max_grad_norm=17.4956  lr=1.00e-03  elapsed=1193.2s
[21:14:33] [+16247.8s]   [c5] starting epoch 7/100 (241 batches)
[21:17:42] [+16437.0s]   [c5] epoch   7/100 done: loss=0.5519  val_loss=0.5311  max_grad_norm=2.3332  lr=1.00e-03  elapsed=1382.4s
[21:17:42] [+16437.0s]   [c5] starting epoch 8/100 (241 batches)
[21:20:42] [+16617.2s]   [c5] epoch   8/100 done: loss=0.5184  val_loss=0.5043  max_grad_norm=2.2083  lr=1.00e-03  elapsed=1562.6s
[21:20:42] [+16617.2s]   [c5] starting epoch 9/100 (241 batches)
[21:23:37] [+16791.8s]   [c5] epoch   9/100 done: loss=0.4943  val_loss=0.4787  max_grad_norm=3.6357  lr=1.00e-03  elapsed=1737.2s
[21:23:37] [+16791.8s]   [c5] starting epoch 10/100 (241 batches)
[21:26:32] [+16966.8s]   [c5] epoch  10/100 done: loss=0.4724  val_loss=0.4693  max_grad_norm=2.7412  lr=1.00e-03  elapsed=1912.2s
[21:26:32] [+16966.8s]   [c5] starting epoch 11/100 (241 batches)
[21:29:31] [+17146.0s]   [c5] epoch  11/100 done: loss=0.4699  val_loss=0.4546  max_grad_norm=14.1989  lr=1.00e-03  elapsed=2091.4s
[21:29:31] [+17146.0s]   [c5] starting epoch 12/100 (241 batches)
[21:32:40] [+17335.1s]   [c5] epoch  12/100 done: loss=0.4509  val_loss=0.4396  max_grad_norm=2.7494  lr=1.00e-03  elapsed=2280.6s
[21:32:40] [+17335.1s]   [c5] starting epoch 13/100 (241 batches)
[21:35:42] [+17517.3s]   [c5] epoch  13/100 done: loss=0.4392  val_loss=0.4296  max_grad_norm=4.7909  lr=1.00e-03  elapsed=2462.7s
[21:35:42] [+17517.3s]   [c5] starting epoch 14/100 (241 batches)
[21:38:48] [+17703.6s]   [c5] epoch  14/100 done: loss=0.4316  val_loss=0.4238  max_grad_norm=14.8802  lr=1.00e-03  elapsed=2649.0s
[21:38:48] [+17703.6s]   [c5] starting epoch 15/100 (241 batches)
[21:41:47] [+17881.8s]   [c5] epoch  15/100 done: loss=0.4242  val_loss=0.4110  max_grad_norm=17.8938  lr=1.00e-03  elapsed=2827.2s
[21:41:47] [+17881.8s]   [c5] starting epoch 16/100 (241 batches)
[21:44:53] [+18068.4s]   [c5] epoch  16/100 done: loss=0.3972  val_loss=0.3998  max_grad_norm=2.5480  lr=1.00e-03  elapsed=3013.8s
[21:44:53] [+18068.4s]   [c5] starting epoch 17/100 (241 batches)
[21:48:03] [+18258.0s]   [c5] epoch  17/100 done: loss=0.3923  val_loss=0.3983  max_grad_norm=10.1461  lr=1.00e-03  elapsed=3203.5s
[21:48:03] [+18258.0s]   [c5] starting epoch 18/100 (241 batches)
[21:50:57] [+18432.6s]   [c5] epoch  18/100 done: loss=0.3800  val_loss=0.3754  max_grad_norm=6.8038  lr=1.00e-03  elapsed=3378.0s
[21:50:57] [+18432.6s]   [c5] starting epoch 19/100 (241 batches)
[21:53:52] [+18607.0s]   [c5] epoch  19/100 done: loss=0.3704  val_loss=0.3810  max_grad_norm=8.1799  lr=1.00e-03  elapsed=3552.4s
[21:53:52] [+18607.0s]   [c5] starting epoch 20/100 (241 batches)
[21:56:50] [+18784.7s]   [c5] epoch  20/100 done: loss=0.3633  val_loss=0.3682  max_grad_norm=9.5381  lr=1.00e-03  elapsed=3730.2s
[21:56:50] [+18784.7s]   [c5] PER_CONFIG_TIME_CAP_S reached
[21:56:50] [+18784.7s] c5: 20 epochs in 3730.2s (62.17 min) [OVER BUDGET]
[21:56:50] [+18784.7s] Scoring benign-val (n=30,838)...
[21:56:52] [+18787.3s] Scoring full test  (n=892,268)...
[21:58:08] [+18863.2s] 
--- Training c6 -> results/unsupervised/lstm_ae/c6 (epochs<=100, cap 3600s, units=64/32, lr=0.001, rec_dropout=0.0) ---
[21:58:08] [+18863.2s]   [c6] starting epoch 1/100 (241 batches)
[21:59:56] [+18971.6s]   [c6] epoch   1/100 done: loss=0.8254  val_loss=0.8160  max_grad_norm=3.9499  lr=1.00e-03  elapsed=108.4s
[21:59:56] [+18971.6s]   [c6] starting epoch 2/100 (241 batches)
[22:01:29] [+19064.4s]   [c6] epoch   2/100 done: loss=0.7315  val_loss=0.7319  max_grad_norm=6.5707  lr=1.00e-03  elapsed=201.1s
[22:01:29] [+19064.4s]   [c6] starting epoch 3/100 (241 batches)
[22:03:00] [+19154.9s]   [c6] epoch   3/100 done: loss=0.6639  val_loss=0.6580  max_grad_norm=4.4963  lr=1.00e-03  elapsed=291.7s
[22:03:00] [+19154.9s]   [c6] starting epoch 4/100 (241 batches)
[22:04:30] [+19245.3s]   [c6] epoch   4/100 done: loss=0.5934  val_loss=0.6000  max_grad_norm=8.7845  lr=1.00e-03  elapsed=382.1s
[22:04:30] [+19245.3s]   [c6] starting epoch 5/100 (241 batches)
[22:06:00] [+19335.4s]   [c6] epoch   5/100 done: loss=0.5464  val_loss=0.5797  max_grad_norm=8.1223  lr=1.00e-03  elapsed=472.2s
[22:06:00] [+19335.4s]   [c6] starting epoch 6/100 (241 batches)
[22:07:31] [+19426.1s]   [c6] epoch   6/100 done: loss=0.5169  val_loss=0.5495  max_grad_norm=6.9750  lr=1.00e-03  elapsed=562.9s
[22:07:31] [+19426.1s]   [c6] starting epoch 7/100 (241 batches)
[22:09:01] [+19516.5s]   [c6] epoch   7/100 done: loss=0.4886  val_loss=0.5290  max_grad_norm=8.1433  lr=1.00e-03  elapsed=653.3s
[22:09:01] [+19516.5s]   [c6] starting epoch 8/100 (241 batches)
[22:10:32] [+19607.0s]   [c6] epoch   8/100 done: loss=0.4936  val_loss=0.5142  max_grad_norm=30.0188  lr=1.00e-03  elapsed=743.8s
[22:10:32] [+19607.0s]   [c6] starting epoch 9/100 (241 batches)
[22:12:02] [+19697.6s]   [c6] epoch   9/100 done: loss=0.4657  val_loss=0.4983  max_grad_norm=9.0034  lr=1.00e-03  elapsed=834.3s
[22:12:02] [+19697.6s]   [c6] starting epoch 10/100 (241 batches)
[22:13:33] [+19788.2s]   [c6] epoch  10/100 done: loss=0.4535  val_loss=0.4797  max_grad_norm=16.7000  lr=1.00e-03  elapsed=924.9s
[22:13:33] [+19788.2s]   [c6] starting epoch 11/100 (241 batches)
[22:15:04] [+19878.9s]   [c6] epoch  11/100 done: loss=0.4342  val_loss=0.4808  max_grad_norm=8.3709  lr=1.00e-03  elapsed=1015.6s
[22:15:04] [+19878.9s]   [c6] starting epoch 12/100 (241 batches)
[22:16:35] [+19969.9s]   [c6] epoch  12/100 done: loss=0.4263  val_loss=0.4645  max_grad_norm=17.3960  lr=1.00e-03  elapsed=1106.6s
[22:16:35] [+19969.9s]   [c6] starting epoch 13/100 (241 batches)
[22:18:05] [+20060.3s]   [c6] epoch  13/100 done: loss=0.4095  val_loss=0.4325  max_grad_norm=23.6179  lr=1.00e-03  elapsed=1197.1s
[22:18:05] [+20060.3s]   [c6] starting epoch 14/100 (241 batches)
[22:19:35] [+20150.5s]   [c6] epoch  14/100 done: loss=0.4043  val_loss=0.4225  max_grad_norm=46.9055  lr=1.00e-03  elapsed=1287.3s
[22:19:35] [+20150.5s]   [c6] starting epoch 15/100 (241 batches)
[22:21:07] [+20241.6s]   [c6] epoch  15/100 done: loss=0.3845  val_loss=0.4084  max_grad_norm=10.9946  lr=1.00e-03  elapsed=1378.4s
[22:21:07] [+20241.6s]   [c6] starting epoch 16/100 (241 batches)
[22:22:38] [+20333.1s]   [c6] epoch  16/100 done: loss=0.3641  val_loss=0.4185  max_grad_norm=6.9725  lr=1.00e-03  elapsed=1469.9s
[22:22:38] [+20333.1s]   [c6] starting epoch 17/100 (241 batches)
[22:24:09] [+20423.8s]   [c6] epoch  17/100 done: loss=0.3664  val_loss=0.4142  max_grad_norm=8.4248  lr=1.00e-03  elapsed=1560.6s
[22:24:09] [+20423.8s]   [c6] starting epoch 18/100 (241 batches)
[22:25:40] [+20515.2s]   [c6] epoch  18/100 done: loss=0.3563  val_loss=0.3944  max_grad_norm=8.3911  lr=1.00e-03  elapsed=1652.0s
[22:25:40] [+20515.3s]   [c6] starting epoch 19/100 (241 batches)
[22:27:21] [+20616.3s]   [c6] epoch  19/100 done: loss=0.3395  val_loss=0.3987  max_grad_norm=4.6365  lr=1.00e-03  elapsed=1753.0s
[22:27:21] [+20616.3s]   [c6] starting epoch 20/100 (241 batches)
[22:29:12] [+20726.9s]   [c6] epoch  20/100 done: loss=0.3340  val_loss=0.3736  max_grad_norm=5.5505  lr=1.00e-03  elapsed=1863.7s
[22:29:12] [+20726.9s]   [c6] starting epoch 21/100 (241 batches)
[22:31:05] [+20840.0s]   [c6] epoch  21/100 done: loss=0.3255  val_loss=0.3596  max_grad_norm=8.8898  lr=1.00e-03  elapsed=1976.8s
[22:31:05] [+20840.0s]   [c6] starting epoch 22/100 (241 batches)
[22:32:41] [+20935.9s]   [c6] epoch  22/100 done: loss=0.3355  val_loss=0.3642  max_grad_norm=14.5522  lr=1.00e-03  elapsed=2072.7s
[22:32:41] [+20935.9s]   [c6] starting epoch 23/100 (241 batches)
[22:34:14] [+21029.3s]   [c6] epoch  23/100 done: loss=0.3102  val_loss=0.3545  max_grad_norm=5.5031  lr=1.00e-03  elapsed=2166.0s
[22:34:14] [+21029.3s]   [c6] starting epoch 24/100 (241 batches)
[22:35:45] [+21120.2s]   [c6] epoch  24/100 done: loss=0.3194  val_loss=0.3462  max_grad_norm=9.8349  lr=1.00e-03  elapsed=2256.9s
[22:35:45] [+21120.2s]   [c6] starting epoch 25/100 (241 batches)
[22:37:15] [+21210.4s]   [c6] epoch  25/100 done: loss=0.2959  val_loss=0.3476  max_grad_norm=6.4027  lr=1.00e-03  elapsed=2347.2s
[22:37:15] [+21210.4s]   [c6] starting epoch 26/100 (241 batches)
[22:38:46] [+21300.7s]   [c6] epoch  26/100 done: loss=0.2933  val_loss=0.3407  max_grad_norm=8.1070  lr=1.00e-03  elapsed=2437.4s
[22:38:46] [+21300.7s]   [c6] starting epoch 27/100 (241 batches)
[22:40:16] [+21391.0s]   [c6] epoch  27/100 done: loss=0.2942  val_loss=0.3159  max_grad_norm=10.9342  lr=1.00e-03  elapsed=2527.8s
[22:40:16] [+21391.0s]   [c6] starting epoch 28/100 (241 batches)
[22:41:46] [+21481.2s]   [c6] epoch  28/100 done: loss=0.2809  val_loss=0.3598  max_grad_norm=13.4014  lr=1.00e-03  elapsed=2618.0s
[22:41:46] [+21481.2s]   [c6] starting epoch 29/100 (241 batches)
[22:43:17] [+21571.7s]   [c6] epoch  29/100 done: loss=0.2816  val_loss=0.3278  max_grad_norm=25.9394  lr=1.00e-03  elapsed=2708.4s
[22:43:17] [+21571.7s]   [c6] starting epoch 30/100 (241 batches)
[22:44:47] [+21661.9s]   [c6] epoch  30/100 done: loss=0.2777  val_loss=0.3228  max_grad_norm=12.6330  lr=1.00e-03  elapsed=2798.7s
[22:44:47] [+21661.9s]   [c6] starting epoch 31/100 (241 batches)
[22:46:17] [+21752.3s]   [c6] epoch  31/100 done: loss=0.2519  val_loss=0.2972  max_grad_norm=6.1458  lr=1.00e-03  elapsed=2889.1s
[22:46:17] [+21752.3s]   [c6] starting epoch 32/100 (241 batches)
[22:47:48] [+21843.3s]   [c6] epoch  32/100 done: loss=0.2482  val_loss=0.3085  max_grad_norm=7.3774  lr=1.00e-03  elapsed=2980.1s
[22:47:48] [+21843.3s]   [c6] starting epoch 33/100 (241 batches)
[22:49:19] [+21933.9s]   [c6] epoch  33/100 done: loss=0.2457  val_loss=0.3003  max_grad_norm=12.2408  lr=1.00e-03  elapsed=3070.6s
[22:49:19] [+21933.9s]   [c6] starting epoch 34/100 (241 batches)
[22:50:49] [+22023.9s]   [c6] epoch  34/100 done: loss=0.2481  val_loss=0.2781  max_grad_norm=8.4545  lr=1.00e-03  elapsed=3160.6s
[22:50:49] [+22023.9s]   [c6] starting epoch 35/100 (241 batches)
[22:52:19] [+22114.4s]   [c6] epoch  35/100 done: loss=0.2511  val_loss=0.3156  max_grad_norm=12.8595  lr=1.00e-03  elapsed=3251.1s
[22:52:19] [+22114.4s]   [c6] starting epoch 36/100 (241 batches)
[22:53:49] [+22204.1s]   [c6] epoch  36/100 done: loss=0.2569  val_loss=0.2757  max_grad_norm=51.0982  lr=1.00e-03  elapsed=3340.9s
[22:53:49] [+22204.1s]   [c6] starting epoch 37/100 (241 batches)
[22:55:19] [+22293.8s]   [c6] epoch  37/100 done: loss=0.2543  val_loss=0.2751  max_grad_norm=27.5802  lr=1.00e-03  elapsed=3430.6s
[22:55:19] [+22293.8s]   [c6] starting epoch 38/100 (241 batches)
[22:56:49] [+22383.9s]   [c6] epoch  38/100 done: loss=0.2483  val_loss=0.2674  max_grad_norm=13.1434  lr=1.00e-03  elapsed=3520.6s
[22:56:49] [+22383.9s]   [c6] starting epoch 39/100 (241 batches)
[22:58:26] [+22480.8s]   [c6] epoch  39/100 done: loss=0.2214  val_loss=0.2590  max_grad_norm=8.8605  lr=1.00e-03  elapsed=3617.6s
[22:58:26] [+22480.8s]   [c6] PER_CONFIG_TIME_CAP_S reached
[22:58:26] [+22480.8s] c6: 39 epochs in 3617.6s (60.29 min) [OVER BUDGET]
[22:58:26] [+22480.8s] Scoring benign-val (n=30,838)...
[22:58:28] [+22483.4s] Scoring full test  (n=892,268)...
[22:59:50] [+22564.8s] 
Full-sweep summary (descriptive Gate 1 fields shown for review;
[22:59:50] [+22564.8s] the binary gate1_report.json is Phase C, written by the human reviewer):
[22:59:50] [+22564.8s] 
config_id  enc_units_64  enc_units_32  learning_rate  recurrent_dropout            training_path  epochs_actual  best_val_loss  ae_reference_val_loss  ae_reference_threshold_1_5x  training_time_s  val_recon_mean  val_recon_p90  val_recon_p95  val_recon_p99  test_recon_mean  test_recon_std_over_mean  test_recon_max_over_mean  test_recon_unimodal  test_recon_finite  gate1_g1_1_descriptive_pass  gate1_g1_2_descriptive_pass  gate1_g1_3_descriptive_pass  early_stopped_by_budget
       c1            64            32         0.0010                0.0 gradient_tape_pure_numpy             38       0.268369               0.198779                     0.298168           3634.9        0.268369       0.192054       0.356295       1.312574        49.501141                   13.6619                 2832.3871                 True               True                         True                         True                        False                     True
       c2            64            32         0.0005                0.0 gradient_tape_pure_numpy             37       0.330944               0.198779                     0.298168           3638.3        0.330944       0.298930       0.587298       1.690843        54.603531                   12.4958                 2565.6789                 True               True                        False                         True                        False                     True
       c3            32            16         0.0010                0.0 gradient_tape_pure_numpy             50       0.315476               0.198779                     0.298168           3667.5        0.315476       0.304941       0.595625       1.673190        50.877590                   13.3705                 2755.3180                 True               True                        False                         True                        False                     True
       c4           128            64         0.0010                0.0 gradient_tape_pure_numpy             27       0.230644               0.198779                     0.298168           3709.4        0.230644       0.123238       0.251732       0.944787        45.674080                   14.8079                 3063.9455                 True               True                         True                         True                        False                     True
       c5            64            32         0.0010                0.1 gradient_tape_pure_numpy             20       0.368156               0.198779                     0.298168           3730.2        0.368156       0.346472       0.602726       2.128266        56.543716                   12.0420                 2482.3890                 True               True                        False                         True                        False                     True
       c6            64            32         0.0010                0.0 gradient_tape_pure_numpy             39       0.258989               0.198779                     0.298168           3617.6        0.258989       0.233162       0.415234       1.312488        43.352921                   15.1649                 3170.4323                 True               True                         True                         True                        False                     True
