[11:07:37] [+   0.0s] LSTM-AE training script | SMOKE=True | random_state=42
[11:07:37] [+   0.0s] TensorFlow 2.21.0 | tf.keras 3.14.0 | NumPy 2.2.6
[11:07:37] [+   0.0s] No GPU detected; CPU training (LSTM is slower than dense AE here).
[11:07:37] [+   0.0s] 
======================================================================
[11:07:37] [+   0.0s] SECTION 2 . DATA LOADING
[11:07:37] [+   0.0s] ======================================================================
[11:07:38] [+   1.1s] Benign rows in train split: 154,186
[11:07:38] [+   1.1s] AE-train (benign): (123348, 44)
[11:07:38] [+   1.1s] AE-val   (benign): (30838, 44)
[11:07:38] [+   1.1s] Loaded Phase 5 scaler: n_samples_seen=123,348.0, means range=[-0.5196, 5281.1010]
[11:07:38] [+   1.1s] After scaling: benign-train mean=-0.000000, std=0.965307
[11:07:38] [+   1.4s] Test set (scaled): (892268, 44), benign=37,607, attack=854,661
[11:07:38] [+   1.4s] 
======================================================================
[11:07:38] [+   1.4s] PHASE 1 . SMOKE GATE (c1, 5 epochs, _smoke/ dir)
[11:07:38] [+   1.4s] ======================================================================
[11:07:38] [+   1.6s] 
--- Training c1 -> results/unsupervised/lstm_ae/_smoke (epochs<=5, cap 600s, units=64/32, lr=0.001, rec_dropout=0.0) ---
[11:07:38] [+   1.6s]   [c1] starting epoch 1/5 (241 batches)
[11:09:06] [+  89.5s]   [c1] epoch   1/5 done: loss=0.8279  val_loss=0.8007  max_grad_norm=9.0050  lr=1.00e-03  elapsed=87.9s
[11:09:06] [+  89.5s]   [c1] starting epoch 2/5 (241 batches)
[11:10:29] [+ 172.7s]   [c1] epoch   2/5 done: loss=0.6969  val_loss=0.6749  max_grad_norm=5.1009  lr=1.00e-03  elapsed=171.1s
[11:10:29] [+ 172.7s]   [c1] starting epoch 3/5 (241 batches)
[11:11:54] [+ 257.4s]   [c1] epoch   3/5 done: loss=0.6042  val_loss=0.6048  max_grad_norm=7.2440  lr=1.00e-03  elapsed=255.8s
[11:11:54] [+ 257.4s]   [c1] starting epoch 4/5 (241 batches)
[11:13:25] [+ 348.2s]   [c1] epoch   4/5 done: loss=0.5412  val_loss=0.5639  max_grad_norm=10.6249  lr=1.00e-03  elapsed=346.6s
[11:13:25] [+ 348.2s]   [c1] starting epoch 5/5 (241 batches)
[11:14:49] [+ 432.6s]   [c1] epoch   5/5 done: loss=0.5159  val_loss=0.5410  max_grad_norm=12.6139  lr=1.00e-03  elapsed=431.0s
[11:14:49] [+ 432.6s] c1: 5 epochs in 431.0s (7.18 min)
[11:14:49] [+ 432.6s] Scoring benign-val (n=30,838)...
[11:14:51] [+ 434.5s] Scoring full test  (n=892,268)...
[11:15:49] [+ 492.0s] 
[11:15:49] [+ 492.0s] Smoke pass criteria (per plan §8.1):
[11:15:49] [+ 492.0s]   [PASS] a_model_builds
[11:15:49] [+ 492.0s]   [PASS] b_forward_pass_shape
[11:15:49] [+ 492.0s]   [PASS] c_train_loss_decreases
[11:15:49] [+ 492.0s]   [PASS] d_val_within_10x_train
[11:15:49] [+ 492.0s]   [FAIL] e_benign_recon_close
[11:15:49] [+ 492.0s]   [FAIL] f_attack_recon_higher
[11:15:49] [+ 492.0s]   [PASS] g_roundtrip_bit_stable
[11:15:49] [+ 492.0s] 
[11:15:49] [+ 492.0s] Diagnostics:
[11:15:49] [+ 492.0s]   train_loss epochs:      ['0.8279', '0.6969', '0.6042', '0.5412', '0.5159']
[11:15:49] [+ 492.0s]   val_loss   epochs:      ['0.8007', '0.6749', '0.6048', '0.5639', '0.5410']
[11:15:49] [+ 492.0s]   benign-sample MSE:      10.684216  (threshold < 0.5)
[11:15:49] [+ 492.0s]   attack-sample MSE:      0.947817
[11:15:49] [+ 492.0s]   reload max abs diff:    0.000000e+00  (tolerance < 0.0001)
[11:15:49] [+ 492.0s] 
======================================================================
[11:15:49] [+ 492.0s] SMOKE GATE: FAIL (['e_benign_recon_close', 'f_attack_recon_higher']) - DO NOT launch full sweep
[11:15:49] [+ 492.0s] Per LSTM_Integration_Decision_Report.md §3.4: documenting negative
[11:15:49] [+ 492.0s] finding and stopping. NO architectural escalation.
[11:15:49] [+ 492.0s] ======================================================================
